{"C:\\React js projects\\revin-lab-main\\revin-labs-react\\src\\screens\\AddNewCustomer.js": {"path":"C:\\React js projects\\revin-lab-main\\revin-labs-react\\src\\screens\\AddNewCustomer.js","statementMap":{"0":{"start":{"line":18,"column":17},"end":{"line":18,"column":67}},"1":{"start":{"line":18,"column":40},"end":{"line":18,"column":66}},"2":{"start":{"line":19,"column":19},"end":{"line":19,"column":32}},"3":{"start":{"line":25,"column":6},"end":{"line":25,"column":15}},"4":{"start":{"line":27,"column":19},"end":{"line":65,"column":3}},"5":{"start":{"line":28,"column":0},"end":{"line":28,"column":25}},"6":{"start":{"line":29,"column":15},"end":{"line":40,"column":5}},"7":{"start":{"line":41,"column":4},"end":{"line":63,"column":9}},"8":{"start":{"line":52,"column":26},"end":{"line":52,"column":41}},"9":{"start":{"line":56,"column":8},"end":{"line":56,"column":38}},"10":{"start":{"line":64,"column":4},"end":{"line":64,"column":25}},"11":{"start":{"line":66,"column":17},"end":{"line":77,"column":4}},"12":{"start":{"line":83,"column":2},"end":{"line":394,"column":4}},"13":{"start":{"line":96,"column":51},"end":{"line":96,"column":72}},"14":{"start":{"line":125,"column":20},"end":{"line":130,"column":22}},"15":{"start":{"line":149,"column":20},"end":{"line":154,"column":22}},"16":{"start":{"line":173,"column":20},"end":{"line":178,"column":22}},"17":{"start":{"line":201,"column":20},"end":{"line":206,"column":22}},"18":{"start":{"line":224,"column":20},"end":{"line":227,"column":32}},"19":{"start":{"line":241,"column":20},"end":{"line":246,"column":22}},"20":{"start":{"line":268,"column":20},"end":{"line":273,"column":22}},"21":{"start":{"line":291,"column":20},"end":{"line":295,"column":22}},"22":{"start":{"line":309,"column":20},"end":{"line":314,"column":22}},"23":{"start":{"line":336,"column":20},"end":{"line":341,"column":22}},"24":{"start":{"line":359,"column":20},"end":{"line":364,"column":22}}},"fnMap":{"0":{"name":"AddNewCustomer","decl":{"start":{"line":17,"column":24},"end":{"line":17,"column":38}},"loc":{"start":{"line":17,"column":41},"end":{"line":395,"column":1}},"line":17},"1":{"name":"(anonymous_1)","decl":{"start":{"line":18,"column":29},"end":{"line":18,"column":30}},"loc":{"start":{"line":18,"column":40},"end":{"line":18,"column":66}},"line":18},"2":{"name":"(anonymous_2)","decl":{"start":{"line":27,"column":19},"end":{"line":27,"column":20}},"loc":{"start":{"line":27,"column":29},"end":{"line":65,"column":3}},"line":27},"3":{"name":"(anonymous_3)","decl":{"start":{"line":52,"column":12},"end":{"line":52,"column":13}},"loc":{"start":{"line":52,"column":26},"end":{"line":52,"column":41}},"line":52},"4":{"name":"(anonymous_4)","decl":{"start":{"line":54,"column":12},"end":{"line":54,"column":13}},"loc":{"start":{"line":54,"column":22},"end":{"line":59,"column":7}},"line":54},"5":{"name":"(anonymous_5)","decl":{"start":{"line":61,"column":13},"end":{"line":61,"column":14}},"loc":{"start":{"line":61,"column":24},"end":{"line":63,"column":7}},"line":61},"6":{"name":"(anonymous_6)","decl":{"start":{"line":96,"column":47},"end":{"line":96,"column":48}},"loc":{"start":{"line":96,"column":51},"end":{"line":96,"column":72}},"line":96},"7":{"name":"(anonymous_7)","decl":{"start":{"line":124,"column":10},"end":{"line":124,"column":11}},"loc":{"start":{"line":125,"column":20},"end":{"line":130,"column":22}},"line":125},"8":{"name":"(anonymous_8)","decl":{"start":{"line":148,"column":10},"end":{"line":148,"column":11}},"loc":{"start":{"line":149,"column":20},"end":{"line":154,"column":22}},"line":149},"9":{"name":"(anonymous_9)","decl":{"start":{"line":172,"column":10},"end":{"line":172,"column":11}},"loc":{"start":{"line":173,"column":20},"end":{"line":178,"column":22}},"line":173},"10":{"name":"(anonymous_10)","decl":{"start":{"line":200,"column":10},"end":{"line":200,"column":11}},"loc":{"start":{"line":201,"column":20},"end":{"line":206,"column":22}},"line":201},"11":{"name":"(anonymous_11)","decl":{"start":{"line":223,"column":10},"end":{"line":223,"column":11}},"loc":{"start":{"line":224,"column":20},"end":{"line":227,"column":32}},"line":224},"12":{"name":"(anonymous_12)","decl":{"start":{"line":240,"column":10},"end":{"line":240,"column":11}},"loc":{"start":{"line":241,"column":20},"end":{"line":246,"column":22}},"line":241},"13":{"name":"(anonymous_13)","decl":{"start":{"line":267,"column":10},"end":{"line":267,"column":11}},"loc":{"start":{"line":268,"column":20},"end":{"line":273,"column":22}},"line":268},"14":{"name":"(anonymous_14)","decl":{"start":{"line":290,"column":10},"end":{"line":290,"column":11}},"loc":{"start":{"line":291,"column":20},"end":{"line":295,"column":22}},"line":291},"15":{"name":"(anonymous_15)","decl":{"start":{"line":308,"column":10},"end":{"line":308,"column":11}},"loc":{"start":{"line":309,"column":20},"end":{"line":314,"column":22}},"line":309},"16":{"name":"(anonymous_16)","decl":{"start":{"line":335,"column":10},"end":{"line":335,"column":11}},"loc":{"start":{"line":336,"column":20},"end":{"line":341,"column":22}},"line":336},"17":{"name":"(anonymous_17)","decl":{"start":{"line":358,"column":10},"end":{"line":358,"column":11}},"loc":{"start":{"line":359,"column":20},"end":{"line":364,"column":22}},"line":359}},"branchMap":{"0":{"loc":{"start":{"line":133,"column":19},"end":{"line":134,"column":43}},"type":"binary-expr","locations":[{"start":{"line":133,"column":19},"end":{"line":133,"column":57}},{"start":{"line":134,"column":18},"end":{"line":134,"column":43}}],"line":133},"1":{"loc":{"start":{"line":158,"column":19},"end":{"line":159,"column":43}},"type":"binary-expr","locations":[{"start":{"line":158,"column":19},"end":{"line":158,"column":59}},{"start":{"line":159,"column":18},"end":{"line":159,"column":43}}],"line":158},"2":{"loc":{"start":{"line":182,"column":19},"end":{"line":183,"column":43}},"type":"binary-expr","locations":[{"start":{"line":182,"column":19},"end":{"line":182,"column":51}},{"start":{"line":183,"column":18},"end":{"line":183,"column":43}}],"line":182},"3":{"loc":{"start":{"line":210,"column":17},"end":{"line":211,"column":55}},"type":"binary-expr","locations":[{"start":{"line":210,"column":17},"end":{"line":210,"column":56}},{"start":{"line":211,"column":30},"end":{"line":211,"column":55}}],"line":210},"4":{"loc":{"start":{"line":250,"column":17},"end":{"line":251,"column":55}},"type":"binary-expr","locations":[{"start":{"line":250,"column":17},"end":{"line":250,"column":52}},{"start":{"line":251,"column":30},"end":{"line":251,"column":55}}],"line":250},"5":{"loc":{"start":{"line":277,"column":17},"end":{"line":278,"column":55}},"type":"binary-expr","locations":[{"start":{"line":277,"column":17},"end":{"line":277,"column":53}},{"start":{"line":278,"column":30},"end":{"line":278,"column":55}}],"line":277},"6":{"loc":{"start":{"line":318,"column":17},"end":{"line":319,"column":55}},"type":"binary-expr","locations":[{"start":{"line":318,"column":17},"end":{"line":318,"column":49}},{"start":{"line":319,"column":30},"end":{"line":319,"column":55}}],"line":318},"7":{"loc":{"start":{"line":345,"column":17},"end":{"line":346,"column":55}},"type":"binary-expr","locations":[{"start":{"line":345,"column":17},"end":{"line":345,"column":50}},{"start":{"line":346,"column":30},"end":{"line":346,"column":55}}],"line":345},"8":{"loc":{"start":{"line":368,"column":17},"end":{"line":369,"column":55}},"type":"binary-expr","locations":[{"start":{"line":368,"column":17},"end":{"line":368,"column":52}},{"start":{"line":369,"column":30},"end":{"line":369,"column":55}}],"line":368}},"s":{"0":0,"1":0,"2":0,"3":0,"4":0,"5":0,"6":0,"7":0,"8":0,"9":0,"10":0,"11":0,"12":0,"13":0,"14":0,"15":0,"16":0,"17":0,"18":0,"19":0,"20":0,"21":0,"22":0,"23":0,"24":0},"f":{"0":0,"1":0,"2":0,"3":0,"4":0,"5":0,"6":0,"7":0,"8":0,"9":0,"10":0,"11":0,"12":0,"13":0,"14":0,"15":0,"16":0,"17":0},"b":{"0":[0,0],"1":[0,0],"2":[0,0],"3":[0,0],"4":[0,0],"5":[0,0],"6":[0,0],"7":[0,0],"8":[0,0]}}
,"C:\\React js projects\\revin-lab-main\\revin-labs-react\\src\\screens\\BatchDetails.js": {"path":"C:\\React js projects\\revin-lab-main\\revin-labs-react\\src\\screens\\BatchDetails.js","statementMap":{"0":{"start":{"line":21,"column":19},"end":{"line":21,"column":32}},"1":{"start":{"line":22,"column":17},"end":{"line":22,"column":67}},"2":{"start":{"line":22,"column":40},"end":{"line":22,"column":66}},"3":{"start":{"line":23,"column":27},"end":{"line":23,"column":40}},"4":{"start":{"line":24,"column":31},"end":{"line":24,"column":43}},"5":{"start":{"line":27,"column":25},"end":{"line":27,"column":58}},"6":{"start":{"line":28,"column":28},"end":{"line":38,"column":4}},"7":{"start":{"line":39,"column":22},"end":{"line":39,"column":37}},"8":{"start":{"line":40,"column":38},"end":{"line":49,"column":4}},"9":{"start":{"line":50,"column":34},"end":{"line":50,"column":49}},"10":{"start":{"line":51,"column":36},"end":{"line":51,"column":48}},"11":{"start":{"line":52,"column":36},"end":{"line":52,"column":51}},"12":{"start":{"line":53,"column":36},"end":{"line":53,"column":48}},"13":{"start":{"line":54,"column":48},"end":{"line":54,"column":60}},"14":{"start":{"line":55,"column":36},"end":{"line":55,"column":51}},"15":{"start":{"line":56,"column":36},"end":{"line":56,"column":51}},"16":{"start":{"line":57,"column":42},"end":{"line":57,"column":57}},"17":{"start":{"line":58,"column":58},"end":{"line":58,"column":72}},"18":{"start":{"line":60,"column":29},"end":{"line":77,"column":3}},"19":{"start":{"line":61,"column":4},"end":{"line":61,"column":40}},"20":{"start":{"line":62,"column":4},"end":{"line":71,"column":5}},"21":{"start":{"line":72,"column":2},"end":{"line":75,"column":5}},"22":{"start":{"line":78,"column":2},"end":{"line":90,"column":18}},"23":{"start":{"line":79,"column":28},"end":{"line":79,"column":63}},"24":{"start":{"line":80,"column":4},"end":{"line":82,"column":5}},"25":{"start":{"line":81,"column":6},"end":{"line":81,"column":48}},"26":{"start":{"line":85,"column":4},"end":{"line":89,"column":5}},"27":{"start":{"line":86,"column":6},"end":{"line":86,"column":37}},"28":{"start":{"line":88,"column":6},"end":{"line":88,"column":36}},"29":{"start":{"line":92,"column":25},"end":{"line":106,"column":3}},"30":{"start":{"line":93,"column":4},"end":{"line":105,"column":5}},"31":{"start":{"line":95,"column":8},"end":{"line":95,"column":33}},"32":{"start":{"line":96,"column":8},"end":{"line":96,"column":14}},"33":{"start":{"line":98,"column":8},"end":{"line":98,"column":33}},"34":{"start":{"line":99,"column":8},"end":{"line":99,"column":14}},"35":{"start":{"line":101,"column":8},"end":{"line":101,"column":39}},"36":{"start":{"line":102,"column":8},"end":{"line":102,"column":14}},"37":{"start":{"line":104,"column":8},"end":{"line":104,"column":14}},"38":{"start":{"line":107,"column":2},"end":{"line":107,"column":31}},"39":{"start":{"line":108,"column":23},"end":{"line":118,"column":4}},"40":{"start":{"line":110,"column":2},"end":{"line":113,"column":8}},"41":{"start":{"line":114,"column":5},"end":{"line":117,"column":7}},"42":{"start":{"line":119,"column":22},"end":{"line":122,"column":5}},"43":{"start":{"line":120,"column":6},"end":{"line":120,"column":19}},"44":{"start":{"line":121,"column":0},"end":{"line":121,"column":22}},"45":{"start":{"line":123,"column":20},"end":{"line":171,"column":3}},"46":{"start":{"line":124,"column":3},"end":{"line":124,"column":22}},"47":{"start":{"line":125,"column":30},"end":{"line":125,"column":59}},"48":{"start":{"line":128,"column":30},"end":{"line":128,"column":59}},"49":{"start":{"line":131,"column":33},"end":{"line":131,"column":68}},"50":{"start":{"line":133,"column":25},"end":{"line":133,"column":104}},"51":{"start":{"line":134,"column":3},"end":{"line":134,"column":32}},"52":{"start":{"line":136,"column":21},"end":{"line":136,"column":74}},"53":{"start":{"line":136,"column":66},"end":{"line":136,"column":73}},"54":{"start":{"line":137,"column":3},"end":{"line":170,"column":3}},"55":{"start":{"line":139,"column":4},"end":{"line":166,"column":5}},"56":{"start":{"line":140,"column":28},"end":{"line":140,"column":37}},"57":{"start":{"line":141,"column":6},"end":{"line":141,"column":54}},"58":{"start":{"line":142,"column":6},"end":{"line":142,"column":39}},"59":{"start":{"line":143,"column":6},"end":{"line":143,"column":26}},"60":{"start":{"line":144,"column":6},"end":{"line":153,"column":9}},"61":{"start":{"line":155,"column":6},"end":{"line":155,"column":43}},"62":{"start":{"line":156,"column":6},"end":{"line":165,"column":9}},"63":{"start":{"line":167,"column":4},"end":{"line":167,"column":28}},"64":{"start":{"line":168,"column":4},"end":{"line":168,"column":33}},"65":{"start":{"line":169,"column":4},"end":{"line":169,"column":21}},"66":{"start":{"line":172,"column":2},"end":{"line":190,"column":9}},"67":{"start":{"line":174,"column":4},"end":{"line":187,"column":78}},"68":{"start":{"line":181,"column":26},"end":{"line":184,"column":10}},"69":{"start":{"line":181,"column":66},"end":{"line":184,"column":7}},"70":{"start":{"line":187,"column":24},"end":{"line":187,"column":76}},"71":{"start":{"line":191,"column":0},"end":{"line":191,"column":32}},"72":{"start":{"line":192,"column":2},"end":{"line":198,"column":37}},"73":{"start":{"line":194,"column":4},"end":{"line":194,"column":28}},"74":{"start":{"line":195,"column":4},"end":{"line":197,"column":5}},"75":{"start":{"line":196,"column":6},"end":{"line":196,"column":25}},"76":{"start":{"line":200,"column":15},"end":{"line":206,"column":1}},"77":{"start":{"line":201,"column":2},"end":{"line":201,"column":41}},"78":{"start":{"line":202,"column":2},"end":{"line":202,"column":34}},"79":{"start":{"line":203,"column":2},"end":{"line":203,"column":38}},"80":{"start":{"line":204,"column":2},"end":{"line":204,"column":65}},"81":{"start":{"line":205,"column":2},"end":{"line":205,"column":33}},"82":{"start":{"line":207,"column":0},"end":{"line":212,"column":5}},"83":{"start":{"line":208,"column":25},"end":{"line":208,"column":60}},"84":{"start":{"line":209,"column":2},"end":{"line":211,"column":3}},"85":{"start":{"line":210,"column":4},"end":{"line":210,"column":46}},"86":{"start":{"line":216,"column":23},"end":{"line":219,"column":3}},"87":{"start":{"line":217,"column":23},"end":{"line":217,"column":65}},"88":{"start":{"line":217,"column":53},"end":{"line":217,"column":64}},"89":{"start":{"line":218,"column":4},"end":{"line":218,"column":29}},"90":{"start":{"line":220,"column":21},"end":{"line":228,"column":3}},"91":{"start":{"line":221,"column":21},"end":{"line":221,"column":37}},"92":{"start":{"line":223,"column":4},"end":{"line":224,"column":167}},"93":{"start":{"line":225,"column":4},"end":{"line":225,"column":47}},"94":{"start":{"line":226,"column":4},"end":{"line":226,"column":23}},"95":{"start":{"line":227,"column":4},"end":{"line":227,"column":24}},"96":{"start":{"line":230,"column":27},"end":{"line":230,"column":86}},"97":{"start":{"line":230,"column":50},"end":{"line":230,"column":85}},"98":{"start":{"line":231,"column":4},"end":{"line":231,"column":73}},"99":{"start":{"line":235,"column":19},"end":{"line":235,"column":21}},"100":{"start":{"line":237,"column":4},"end":{"line":239,"column":5}},"101":{"start":{"line":238,"column":6},"end":{"line":238,"column":49}},"102":{"start":{"line":241,"column":4},"end":{"line":245,"column":5}},"103":{"start":{"line":242,"column":6},"end":{"line":244,"column":7}},"104":{"start":{"line":243,"column":8},"end":{"line":243,"column":51}},"105":{"start":{"line":247,"column":4},"end":{"line":256,"column":5}},"106":{"start":{"line":248,"column":6},"end":{"line":255,"column":7}},"107":{"start":{"line":249,"column":8},"end":{"line":249,"column":51}},"108":{"start":{"line":252,"column":8},"end":{"line":254,"column":9}},"109":{"start":{"line":253,"column":10},"end":{"line":253,"column":62}},"110":{"start":{"line":258,"column":4},"end":{"line":267,"column":5}},"111":{"start":{"line":259,"column":6},"end":{"line":266,"column":7}},"112":{"start":{"line":260,"column":8},"end":{"line":260,"column":54}},"113":{"start":{"line":263,"column":8},"end":{"line":265,"column":9}},"114":{"start":{"line":264,"column":10},"end":{"line":264,"column":68}},"115":{"start":{"line":269,"column":4},"end":{"line":271,"column":5}},"116":{"start":{"line":270,"column":6},"end":{"line":270,"column":57}},"117":{"start":{"line":273,"column":4},"end":{"line":273,"column":18}},"118":{"start":{"line":275,"column":2},"end":{"line":589,"column":4}},"119":{"start":{"line":354,"column":30},"end":{"line":354,"column":55}},"120":{"start":{"line":384,"column":16},"end":{"line":384,"column":41}},"121":{"start":{"line":416,"column":16},"end":{"line":416,"column":44}},"122":{"start":{"line":532,"column":4},"end":{"line":551,"column":27}},"123":{"start":{"line":541,"column":59},"end":{"line":541,"column":71}},"124":{"start":{"line":545,"column":79},"end":{"line":545,"column":92}},"125":{"start":{"line":548,"column":89},"end":{"line":548,"column":104}},"126":{"start":{"line":564,"column":38},"end":{"line":564,"column":68}}},"fnMap":{"0":{"name":"BatchDetails","decl":{"start":{"line":20,"column":24},"end":{"line":20,"column":36}},"loc":{"start":{"line":20,"column":54},"end":{"line":590,"column":1}},"line":20},"1":{"name":"(anonymous_1)","decl":{"start":{"line":22,"column":29},"end":{"line":22,"column":30}},"loc":{"start":{"line":22,"column":40},"end":{"line":22,"column":66}},"line":22},"2":{"name":"(anonymous_2)","decl":{"start":{"line":60,"column":29},"end":{"line":60,"column":30}},"loc":{"start":{"line":60,"column":50},"end":{"line":77,"column":3}},"line":60},"3":{"name":"(anonymous_3)","decl":{"start":{"line":78,"column":12},"end":{"line":78,"column":13}},"loc":{"start":{"line":78,"column":18},"end":{"line":90,"column":3}},"line":78},"4":{"name":"(anonymous_4)","decl":{"start":{"line":92,"column":25},"end":{"line":92,"column":26}},"loc":{"start":{"line":92,"column":40},"end":{"line":106,"column":3}},"line":92},"5":{"name":"(anonymous_5)","decl":{"start":{"line":108,"column":23},"end":{"line":108,"column":24}},"loc":{"start":{"line":108,"column":30},"end":{"line":118,"column":4}},"line":108},"6":{"name":"(anonymous_6)","decl":{"start":{"line":119,"column":22},"end":{"line":119,"column":23}},"loc":{"start":{"line":119,"column":26},"end":{"line":122,"column":5}},"line":119},"7":{"name":"(anonymous_7)","decl":{"start":{"line":123,"column":20},"end":{"line":123,"column":21}},"loc":{"start":{"line":123,"column":27},"end":{"line":171,"column":3}},"line":123},"8":{"name":"(anonymous_8)","decl":{"start":{"line":136,"column":55},"end":{"line":136,"column":56}},"loc":{"start":{"line":136,"column":66},"end":{"line":136,"column":73}},"line":136},"9":{"name":"(anonymous_9)","decl":{"start":{"line":172,"column":12},"end":{"line":172,"column":13}},"loc":{"start":{"line":172,"column":18},"end":{"line":190,"column":3}},"line":172},"10":{"name":"(anonymous_10)","decl":{"start":{"line":181,"column":12},"end":{"line":181,"column":13}},"loc":{"start":{"line":181,"column":26},"end":{"line":184,"column":10}},"line":181},"11":{"name":"(anonymous_11)","decl":{"start":{"line":181,"column":57},"end":{"line":181,"column":58}},"loc":{"start":{"line":181,"column":66},"end":{"line":184,"column":7}},"line":181},"12":{"name":"(anonymous_12)","decl":{"start":{"line":187,"column":13},"end":{"line":187,"column":14}},"loc":{"start":{"line":187,"column":24},"end":{"line":187,"column":76}},"line":187},"13":{"name":"(anonymous_13)","decl":{"start":{"line":192,"column":12},"end":{"line":192,"column":13}},"loc":{"start":{"line":192,"column":18},"end":{"line":198,"column":3}},"line":192},"14":{"name":"(anonymous_14)","decl":{"start":{"line":200,"column":15},"end":{"line":200,"column":16}},"loc":{"start":{"line":200,"column":25},"end":{"line":206,"column":1}},"line":200},"15":{"name":"(anonymous_15)","decl":{"start":{"line":207,"column":10},"end":{"line":207,"column":11}},"loc":{"start":{"line":207,"column":14},"end":{"line":212,"column":1}},"line":207},"16":{"name":"(anonymous_16)","decl":{"start":{"line":216,"column":23},"end":{"line":216,"column":24}},"loc":{"start":{"line":216,"column":34},"end":{"line":219,"column":3}},"line":216},"17":{"name":"(anonymous_17)","decl":{"start":{"line":217,"column":40},"end":{"line":217,"column":41}},"loc":{"start":{"line":217,"column":53},"end":{"line":217,"column":64}},"line":217},"18":{"name":"(anonymous_18)","decl":{"start":{"line":220,"column":21},"end":{"line":220,"column":22}},"loc":{"start":{"line":220,"column":32},"end":{"line":228,"column":3}},"line":220},"19":{"name":"combineValues","decl":{"start":{"line":229,"column":11},"end":{"line":229,"column":24}},"loc":{"start":{"line":229,"column":36},"end":{"line":232,"column":3}},"line":229},"20":{"name":"(anonymous_20)","decl":{"start":{"line":230,"column":41},"end":{"line":230,"column":42}},"loc":{"start":{"line":230,"column":50},"end":{"line":230,"column":85}},"line":230},"21":{"name":"validate","decl":{"start":{"line":234,"column":11},"end":{"line":234,"column":19}},"loc":{"start":{"line":234,"column":91},"end":{"line":274,"column":3}},"line":234},"22":{"name":"(anonymous_22)","decl":{"start":{"line":354,"column":24},"end":{"line":354,"column":25}},"loc":{"start":{"line":354,"column":30},"end":{"line":354,"column":55}},"line":354},"23":{"name":"(anonymous_23)","decl":{"start":{"line":384,"column":10},"end":{"line":384,"column":11}},"loc":{"start":{"line":384,"column":16},"end":{"line":384,"column":41}},"line":384},"24":{"name":"(anonymous_24)","decl":{"start":{"line":416,"column":10},"end":{"line":416,"column":11}},"loc":{"start":{"line":416,"column":16},"end":{"line":416,"column":44}},"line":416},"25":{"name":"(anonymous_25)","decl":{"start":{"line":531,"column":35},"end":{"line":531,"column":36}},"loc":{"start":{"line":532,"column":4},"end":{"line":551,"column":27}},"line":532},"26":{"name":"(anonymous_26)","decl":{"start":{"line":541,"column":49},"end":{"line":541,"column":50}},"loc":{"start":{"line":541,"column":59},"end":{"line":541,"column":71}},"line":541},"27":{"name":"(anonymous_27)","decl":{"start":{"line":545,"column":73},"end":{"line":545,"column":74}},"loc":{"start":{"line":545,"column":79},"end":{"line":545,"column":92}},"line":545},"28":{"name":"(anonymous_28)","decl":{"start":{"line":548,"column":83},"end":{"line":548,"column":84}},"loc":{"start":{"line":548,"column":89},"end":{"line":548,"column":104}},"line":548},"29":{"name":"(anonymous_29)","decl":{"start":{"line":564,"column":32},"end":{"line":564,"column":33}},"loc":{"start":{"line":564,"column":38},"end":{"line":564,"column":68}},"line":564}},"branchMap":{"0":{"loc":{"start":{"line":80,"column":4},"end":{"line":82,"column":5}},"type":"if","locations":[{"start":{"line":80,"column":4},"end":{"line":82,"column":5}},{"start":{},"end":{}}],"line":80},"1":{"loc":{"start":{"line":85,"column":4},"end":{"line":89,"column":5}},"type":"if","locations":[{"start":{"line":85,"column":4},"end":{"line":89,"column":5}},{"start":{"line":87,"column":11},"end":{"line":89,"column":5}}],"line":85},"2":{"loc":{"start":{"line":93,"column":4},"end":{"line":105,"column":5}},"type":"switch","locations":[{"start":{"line":94,"column":6},"end":{"line":96,"column":14}},{"start":{"line":97,"column":6},"end":{"line":99,"column":14}},{"start":{"line":100,"column":6},"end":{"line":102,"column":14}},{"start":{"line":103,"column":6},"end":{"line":104,"column":14}}],"line":93},"3":{"loc":{"start":{"line":125,"column":30},"end":{"line":125,"column":59}},"type":"binary-expr","locations":[{"start":{"line":125,"column":30},"end":{"line":125,"column":40}},{"start":{"line":125,"column":44},"end":{"line":125,"column":59}}],"line":125},"4":{"loc":{"start":{"line":128,"column":30},"end":{"line":128,"column":59}},"type":"binary-expr","locations":[{"start":{"line":128,"column":30},"end":{"line":128,"column":40}},{"start":{"line":128,"column":44},"end":{"line":128,"column":59}}],"line":128},"5":{"loc":{"start":{"line":131,"column":33},"end":{"line":131,"column":68}},"type":"binary-expr","locations":[{"start":{"line":131,"column":33},"end":{"line":131,"column":46}},{"start":{"line":131,"column":50},"end":{"line":131,"column":68}}],"line":131},"6":{"loc":{"start":{"line":137,"column":3},"end":{"line":170,"column":3}},"type":"if","locations":[{"start":{"line":137,"column":3},"end":{"line":170,"column":3}},{"start":{},"end":{}}],"line":137},"7":{"loc":{"start":{"line":139,"column":4},"end":{"line":166,"column":5}},"type":"if","locations":[{"start":{"line":139,"column":4},"end":{"line":166,"column":5}},{"start":{"line":154,"column":11},"end":{"line":166,"column":5}}],"line":139},"8":{"loc":{"start":{"line":195,"column":4},"end":{"line":197,"column":5}},"type":"if","locations":[{"start":{"line":195,"column":4},"end":{"line":197,"column":5}},{"start":{},"end":{}}],"line":195},"9":{"loc":{"start":{"line":195,"column":8},"end":{"line":195,"column":56}},"type":"binary-expr","locations":[{"start":{"line":195,"column":8},"end":{"line":195,"column":44}},{"start":{"line":195,"column":48},"end":{"line":195,"column":56}}],"line":195},"10":{"loc":{"start":{"line":209,"column":2},"end":{"line":211,"column":3}},"type":"if","locations":[{"start":{"line":209,"column":2},"end":{"line":211,"column":3}},{"start":{},"end":{}}],"line":209},"11":{"loc":{"start":{"line":230,"column":50},"end":{"line":230,"column":85}},"type":"binary-expr","locations":[{"start":{"line":230,"column":50},"end":{"line":230,"column":62}},{"start":{"line":230,"column":66},"end":{"line":230,"column":85}}],"line":230},"12":{"loc":{"start":{"line":231,"column":11},"end":{"line":231,"column":72}},"type":"cond-expr","locations":[{"start":{"line":231,"column":39},"end":{"line":231,"column":64}},{"start":{"line":231,"column":67},"end":{"line":231,"column":72}}],"line":231},"13":{"loc":{"start":{"line":237,"column":4},"end":{"line":239,"column":5}},"type":"if","locations":[{"start":{"line":237,"column":4},"end":{"line":239,"column":5}},{"start":{},"end":{}}],"line":237},"14":{"loc":{"start":{"line":241,"column":4},"end":{"line":245,"column":5}},"type":"if","locations":[{"start":{"line":241,"column":4},"end":{"line":245,"column":5}},{"start":{},"end":{}}],"line":241},"15":{"loc":{"start":{"line":242,"column":6},"end":{"line":244,"column":7}},"type":"if","locations":[{"start":{"line":242,"column":6},"end":{"line":244,"column":7}},{"start":{},"end":{}}],"line":242},"16":{"loc":{"start":{"line":247,"column":4},"end":{"line":256,"column":5}},"type":"if","locations":[{"start":{"line":247,"column":4},"end":{"line":256,"column":5}},{"start":{},"end":{}}],"line":247},"17":{"loc":{"start":{"line":248,"column":6},"end":{"line":255,"column":7}},"type":"if","locations":[{"start":{"line":248,"column":6},"end":{"line":255,"column":7}},{"start":{"line":250,"column":13},"end":{"line":255,"column":7}}],"line":248},"18":{"loc":{"start":{"line":252,"column":8},"end":{"line":254,"column":9}},"type":"if","locations":[{"start":{"line":252,"column":8},"end":{"line":254,"column":9}},{"start":{},"end":{}}],"line":252},"19":{"loc":{"start":{"line":258,"column":4},"end":{"line":267,"column":5}},"type":"if","locations":[{"start":{"line":258,"column":4},"end":{"line":267,"column":5}},{"start":{},"end":{}}],"line":258},"20":{"loc":{"start":{"line":259,"column":6},"end":{"line":266,"column":7}},"type":"if","locations":[{"start":{"line":259,"column":6},"end":{"line":266,"column":7}},{"start":{"line":261,"column":13},"end":{"line":266,"column":7}}],"line":259},"21":{"loc":{"start":{"line":263,"column":8},"end":{"line":265,"column":9}},"type":"if","locations":[{"start":{"line":263,"column":8},"end":{"line":265,"column":9}},{"start":{},"end":{}}],"line":263},"22":{"loc":{"start":{"line":269,"column":4},"end":{"line":271,"column":5}},"type":"if","locations":[{"start":{"line":269,"column":4},"end":{"line":271,"column":5}},{"start":{},"end":{}}],"line":269},"23":{"loc":{"start":{"line":269,"column":8},"end":{"line":269,"column":66}},"type":"binary-expr","locations":[{"start":{"line":269,"column":8},"end":{"line":269,"column":29}},{"start":{"line":269,"column":33},"end":{"line":269,"column":66}}],"line":269},"24":{"loc":{"start":{"line":367,"column":31},"end":{"line":367,"column":60}},"type":"cond-expr","locations":[{"start":{"line":367,"column":42},"end":{"line":367,"column":44}},{"start":{"line":367,"column":46},"end":{"line":367,"column":60}}],"line":367},"25":{"loc":{"start":{"line":369,"column":34},"end":{"line":369,"column":58}},"type":"binary-expr","locations":[{"start":{"line":369,"column":34},"end":{"line":369,"column":45}},{"start":{"line":369,"column":49},"end":{"line":369,"column":58}}],"line":369},"26":{"loc":{"start":{"line":397,"column":31},"end":{"line":397,"column":60}},"type":"cond-expr","locations":[{"start":{"line":397,"column":42},"end":{"line":397,"column":44}},{"start":{"line":397,"column":46},"end":{"line":397,"column":60}}],"line":397},"27":{"loc":{"start":{"line":401,"column":24},"end":{"line":401,"column":48}},"type":"binary-expr","locations":[{"start":{"line":401,"column":24},"end":{"line":401,"column":35}},{"start":{"line":401,"column":39},"end":{"line":401,"column":48}}],"line":401},"28":{"loc":{"start":{"line":429,"column":31},"end":{"line":429,"column":65}},"type":"cond-expr","locations":[{"start":{"line":429,"column":44},"end":{"line":429,"column":46}},{"start":{"line":429,"column":48},"end":{"line":429,"column":65}}],"line":429},"29":{"loc":{"start":{"line":432,"column":34},"end":{"line":432,"column":61}},"type":"binary-expr","locations":[{"start":{"line":432,"column":34},"end":{"line":432,"column":45}},{"start":{"line":432,"column":49},"end":{"line":432,"column":61}}],"line":432},"30":{"loc":{"start":{"line":498,"column":30},"end":{"line":498,"column":58}},"type":"cond-expr","locations":[{"start":{"line":498,"column":42},"end":{"line":498,"column":50}},{"start":{"line":498,"column":53},"end":{"line":498,"column":58}}],"line":498}},"s":{"0":0,"1":0,"2":0,"3":0,"4":0,"5":0,"6":0,"7":0,"8":0,"9":0,"10":0,"11":0,"12":0,"13":0,"14":0,"15":0,"16":0,"17":0,"18":0,"19":0,"20":0,"21":0,"22":0,"23":0,"24":0,"25":0,"26":0,"27":0,"28":0,"29":0,"30":0,"31":0,"32":0,"33":0,"34":0,"35":0,"36":0,"37":0,"38":0,"39":0,"40":0,"41":0,"42":0,"43":0,"44":0,"45":0,"46":0,"47":0,"48":0,"49":0,"50":0,"51":0,"52":0,"53":0,"54":0,"55":0,"56":0,"57":0,"58":0,"59":0,"60":0,"61":0,"62":0,"63":0,"64":0,"65":0,"66":0,"67":0,"68":0,"69":0,"70":0,"71":0,"72":0,"73":0,"74":0,"75":0,"76":0,"77":0,"78":0,"79":0,"80":0,"81":0,"82":0,"83":0,"84":0,"85":0,"86":0,"87":0,"88":0,"89":0,"90":0,"91":0,"92":0,"93":0,"94":0,"95":0,"96":0,"97":0,"98":0,"99":0,"100":0,"101":0,"102":0,"103":0,"104":0,"105":0,"106":0,"107":0,"108":0,"109":0,"110":0,"111":0,"112":0,"113":0,"114":0,"115":0,"116":0,"117":0,"118":0,"119":0,"120":0,"121":0,"122":0,"123":0,"124":0,"125":0,"126":0},"f":{"0":0,"1":0,"2":0,"3":0,"4":0,"5":0,"6":0,"7":0,"8":0,"9":0,"10":0,"11":0,"12":0,"13":0,"14":0,"15":0,"16":0,"17":0,"18":0,"19":0,"20":0,"21":0,"22":0,"23":0,"24":0,"25":0,"26":0,"27":0,"28":0,"29":0},"b":{"0":[0,0],"1":[0,0],"2":[0,0,0,0],"3":[0,0],"4":[0,0],"5":[0,0],"6":[0,0],"7":[0,0],"8":[0,0],"9":[0,0],"10":[0,0],"11":[0,0],"12":[0,0],"13":[0,0],"14":[0,0],"15":[0,0],"16":[0,0],"17":[0,0],"18":[0,0],"19":[0,0],"20":[0,0],"21":[0,0],"22":[0,0],"23":[0,0],"24":[0,0],"25":[0,0],"26":[0,0],"27":[0,0],"28":[0,0],"29":[0,0],"30":[0,0]}}
,"C:\\React js projects\\revin-lab-main\\revin-labs-react\\src\\screens\\Login.js": {"path":"C:\\React js projects\\revin-lab-main\\revin-labs-react\\src\\screens\\Login.js","statementMap":{"0":{"start":{"line":11,"column":14},"end":{"line":252,"column":1}},"1":{"start":{"line":12,"column":19},"end":{"line":12,"column":32}},"2":{"start":{"line":13,"column":36},"end":{"line":13,"column":48}},"3":{"start":{"line":14,"column":48},"end":{"line":14,"column":63}},"4":{"start":{"line":15,"column":36},"end":{"line":15,"column":51}},"5":{"start":{"line":16,"column":35},"end":{"line":16,"column":77}},"6":{"start":{"line":16,"column":41},"end":{"line":16,"column":77}},"7":{"start":{"line":21,"column":6},"end":{"line":21,"column":15}},"8":{"start":{"line":23,"column":19},"end":{"line":23,"column":32}},"9":{"start":{"line":25,"column":2},"end":{"line":46,"column":28}},"10":{"start":{"line":26,"column":4},"end":{"line":45,"column":5}},"11":{"start":{"line":28,"column":6},"end":{"line":30,"column":7}},"12":{"start":{"line":29,"column":8},"end":{"line":29,"column":30}},"13":{"start":{"line":31,"column":6},"end":{"line":33,"column":7}},"14":{"start":{"line":32,"column":8},"end":{"line":32,"column":34}},"15":{"start":{"line":34,"column":6},"end":{"line":36,"column":7}},"16":{"start":{"line":35,"column":8},"end":{"line":35,"column":38}},"17":{"start":{"line":37,"column":6},"end":{"line":39,"column":7}},"18":{"start":{"line":38,"column":8},"end":{"line":38,"column":37}},"19":{"start":{"line":40,"column":6},"end":{"line":42,"column":7}},"20":{"start":{"line":41,"column":8},"end":{"line":41,"column":39}},"21":{"start":{"line":44,"column":6},"end":{"line":44,"column":29}},"22":{"start":{"line":48,"column":22},"end":{"line":85,"column":3}},"23":{"start":{"line":49,"column":4},"end":{"line":49,"column":23}},"24":{"start":{"line":50,"column":4},"end":{"line":84,"column":5}},"25":{"start":{"line":51,"column":23},"end":{"line":64,"column":7}},"26":{"start":{"line":66,"column":6},"end":{"line":78,"column":7}},"27":{"start":{"line":67,"column":29},"end":{"line":67,"column":50}},"28":{"start":{"line":68,"column":8},"end":{"line":68,"column":35}},"29":{"start":{"line":69,"column":8},"end":{"line":75,"column":10}},"30":{"start":{"line":77,"column":8},"end":{"line":77,"column":31}},"31":{"start":{"line":80,"column":6},"end":{"line":80,"column":50}},"32":{"start":{"line":81,"column":6},"end":{"line":81,"column":46}},"33":{"start":{"line":83,"column":6},"end":{"line":83,"column":26}},"34":{"start":{"line":87,"column":2},"end":{"line":251,"column":4}}},"fnMap":{"0":{"name":"(anonymous_0)","decl":{"start":{"line":11,"column":14},"end":{"line":11,"column":15}},"loc":{"start":{"line":11,"column":20},"end":{"line":252,"column":1}},"line":11},"1":{"name":"(anonymous_1)","decl":{"start":{"line":16,"column":35},"end":{"line":16,"column":36}},"loc":{"start":{"line":16,"column":41},"end":{"line":16,"column":77}},"line":16},"2":{"name":"(anonymous_2)","decl":{"start":{"line":25,"column":12},"end":{"line":25,"column":13}},"loc":{"start":{"line":25,"column":18},"end":{"line":46,"column":3}},"line":25},"3":{"name":"(anonymous_3)","decl":{"start":{"line":48,"column":22},"end":{"line":48,"column":23}},"loc":{"start":{"line":48,"column":39},"end":{"line":85,"column":3}},"line":48}},"branchMap":{"0":{"loc":{"start":{"line":26,"column":4},"end":{"line":45,"column":5}},"type":"if","locations":[{"start":{"line":26,"column":4},"end":{"line":45,"column":5}},{"start":{"line":43,"column":11},"end":{"line":45,"column":5}}],"line":26},"1":{"loc":{"start":{"line":28,"column":6},"end":{"line":30,"column":7}},"type":"if","locations":[{"start":{"line":28,"column":6},"end":{"line":30,"column":7}},{"start":{},"end":{}}],"line":28},"2":{"loc":{"start":{"line":31,"column":6},"end":{"line":33,"column":7}},"type":"if","locations":[{"start":{"line":31,"column":6},"end":{"line":33,"column":7}},{"start":{},"end":{}}],"line":31},"3":{"loc":{"start":{"line":34,"column":6},"end":{"line":36,"column":7}},"type":"if","locations":[{"start":{"line":34,"column":6},"end":{"line":36,"column":7}},{"start":{},"end":{}}],"line":34},"4":{"loc":{"start":{"line":37,"column":6},"end":{"line":39,"column":7}},"type":"if","locations":[{"start":{"line":37,"column":6},"end":{"line":39,"column":7}},{"start":{},"end":{}}],"line":37},"5":{"loc":{"start":{"line":40,"column":6},"end":{"line":42,"column":7}},"type":"if","locations":[{"start":{"line":40,"column":6},"end":{"line":42,"column":7}},{"start":{},"end":{}}],"line":40},"6":{"loc":{"start":{"line":66,"column":6},"end":{"line":78,"column":7}},"type":"if","locations":[{"start":{"line":66,"column":6},"end":{"line":78,"column":7}},{"start":{"line":76,"column":13},"end":{"line":78,"column":7}}],"line":66},"7":{"loc":{"start":{"line":136,"column":17},"end":{"line":138,"column":17}},"type":"binary-expr","locations":[{"start":{"line":136,"column":17},"end":{"line":136,"column":29}},{"start":{"line":137,"column":18},"end":{"line":137,"column":76}}],"line":136},"8":{"loc":{"start":{"line":163,"column":28},"end":{"line":163,"column":65}},"type":"cond-expr","locations":[{"start":{"line":163,"column":46},"end":{"line":163,"column":52}},{"start":{"line":163,"column":55},"end":{"line":163,"column":65}}],"line":163},"9":{"loc":{"start":{"line":171,"column":21},"end":{"line":175,"column":21}},"type":"cond-expr","locations":[{"start":{"line":172,"column":22},"end":{"line":172,"column":61}},{"start":{"line":174,"column":22},"end":{"line":174,"column":73}}],"line":171},"10":{"loc":{"start":{"line":178,"column":17},"end":{"line":180,"column":17}},"type":"binary-expr","locations":[{"start":{"line":178,"column":17},"end":{"line":178,"column":29}},{"start":{"line":179,"column":18},"end":{"line":179,"column":79}}],"line":178},"11":{"loc":{"start":{"line":244,"column":17},"end":{"line":244,"column":55}},"type":"cond-expr","locations":[{"start":{"line":244,"column":29},"end":{"line":244,"column":44}},{"start":{"line":244,"column":47},"end":{"line":244,"column":55}}],"line":244}},"s":{"0":1,"1":9,"2":0,"3":0,"4":0,"5":0,"6":0,"7":0,"8":0,"9":0,"10":0,"11":0,"12":0,"13":0,"14":0,"15":0,"16":0,"17":0,"18":0,"19":0,"20":0,"21":0,"22":0,"23":0,"24":0,"25":0,"26":0,"27":0,"28":0,"29":0,"30":0,"31":0,"32":0,"33":0,"34":0},"f":{"0":9,"1":0,"2":0,"3":0},"b":{"0":[0,0],"1":[0,0],"2":[0,0],"3":[0,0],"4":[0,0],"5":[0,0],"6":[0,0],"7":[0,0],"8":[0,0],"9":[0,0],"10":[0,0],"11":[0,0]},"_coverageSchema":"1a1c01bbd47fc00a2c39e90264f33305004495a9","hash":"2667acbe1ca7b5ac65efe6396b4d1b068ac2653e"}
}
