TN:
SF:src\screens\AddNewCustomer.js
FN:17,AddNewCustomer
FN:18,(anonymous_1)
FN:27,(anonymous_2)
FN:52,(anonymous_3)
FN:54,(anonymous_4)
FN:61,(anonymous_5)
FN:96,(anonymous_6)
FN:124,(anonymous_7)
FN:148,(anonymous_8)
FN:172,(anonymous_9)
FN:200,(anonymous_10)
FN:223,(anonymous_11)
FN:240,(anonymous_12)
FN:267,(anonymous_13)
FN:290,(anonymous_14)
FN:308,(anonymous_15)
FN:335,(anonymous_16)
FN:358,(anonymous_17)
FNF:18
FNH:0
FNDA:0,AddNewCustomer
FNDA:0,(anonymous_1)
FNDA:0,(anonymous_2)
FNDA:0,(anonymous_3)
FNDA:0,(anonymous_4)
FNDA:0,(anonymous_5)
FNDA:0,(anonymous_6)
FNDA:0,(anonymous_7)
FNDA:0,(anonymous_8)
FNDA:0,(anonymous_9)
FNDA:0,(anonymous_10)
FNDA:0,(anonymous_11)
FNDA:0,(anonymous_12)
FNDA:0,(anonymous_13)
FNDA:0,(anonymous_14)
FNDA:0,(anonymous_15)
FNDA:0,(anonymous_16)
FNDA:0,(anonymous_17)
DA:18,0
DA:19,0
DA:25,0
DA:27,0
DA:28,0
DA:29,0
DA:41,0
DA:52,0
DA:56,0
DA:64,0
DA:66,0
DA:83,0
DA:96,0
DA:125,0
DA:149,0
DA:173,0
DA:201,0
DA:224,0
DA:241,0
DA:268,0
DA:291,0
DA:309,0
DA:336,0
DA:359,0
LF:24
LH:0
BRDA:133,0,0,0
BRDA:133,0,1,0
BRDA:158,1,0,0
BRDA:158,1,1,0
BRDA:182,2,0,0
BRDA:182,2,1,0
BRDA:210,3,0,0
BRDA:210,3,1,0
BRDA:250,4,0,0
BRDA:250,4,1,0
BRDA:277,5,0,0
BRDA:277,5,1,0
BRDA:318,6,0,0
BRDA:318,6,1,0
BRDA:345,7,0,0
BRDA:345,7,1,0
BRDA:368,8,0,0
BRDA:368,8,1,0
BRF:18
BRH:0
end_of_record
TN:
SF:src\screens\BatchDetails.js
FN:20,BatchDetails
FN:22,(anonymous_1)
FN:60,(anonymous_2)
FN:78,(anonymous_3)
FN:92,(anonymous_4)
FN:108,(anonymous_5)
FN:119,(anonymous_6)
FN:123,(anonymous_7)
FN:136,(anonymous_8)
FN:172,(anonymous_9)
FN:181,(anonymous_10)
FN:181,(anonymous_11)
FN:187,(anonymous_12)
FN:192,(anonymous_13)
FN:200,(anonymous_14)
FN:207,(anonymous_15)
FN:216,(anonymous_16)
FN:217,(anonymous_17)
FN:220,(anonymous_18)
FN:229,combineValues
FN:230,(anonymous_20)
FN:234,validate
FN:354,(anonymous_22)
FN:384,(anonymous_23)
FN:416,(anonymous_24)
FN:531,(anonymous_25)
FN:541,(anonymous_26)
FN:545,(anonymous_27)
FN:548,(anonymous_28)
FN:564,(anonymous_29)
FNF:30
FNH:0
FNDA:0,BatchDetails
FNDA:0,(anonymous_1)
FNDA:0,(anonymous_2)
FNDA:0,(anonymous_3)
FNDA:0,(anonymous_4)
FNDA:0,(anonymous_5)
FNDA:0,(anonymous_6)
FNDA:0,(anonymous_7)
FNDA:0,(anonymous_8)
FNDA:0,(anonymous_9)
FNDA:0,(anonymous_10)
FNDA:0,(anonymous_11)
FNDA:0,(anonymous_12)
FNDA:0,(anonymous_13)
FNDA:0,(anonymous_14)
FNDA:0,(anonymous_15)
FNDA:0,(anonymous_16)
FNDA:0,(anonymous_17)
FNDA:0,(anonymous_18)
FNDA:0,combineValues
FNDA:0,(anonymous_20)
FNDA:0,validate
FNDA:0,(anonymous_22)
FNDA:0,(anonymous_23)
FNDA:0,(anonymous_24)
FNDA:0,(anonymous_25)
FNDA:0,(anonymous_26)
FNDA:0,(anonymous_27)
FNDA:0,(anonymous_28)
FNDA:0,(anonymous_29)
DA:21,0
DA:22,0
DA:23,0
DA:24,0
DA:27,0
DA:28,0
DA:39,0
DA:40,0
DA:50,0
DA:51,0
DA:52,0
DA:53,0
DA:54,0
DA:55,0
DA:56,0
DA:57,0
DA:58,0
DA:60,0
DA:61,0
DA:62,0
DA:72,0
DA:78,0
DA:79,0
DA:80,0
DA:81,0
DA:85,0
DA:86,0
DA:88,0
DA:92,0
DA:93,0
DA:95,0
DA:96,0
DA:98,0
DA:99,0
DA:101,0
DA:102,0
DA:104,0
DA:107,0
DA:108,0
DA:110,0
DA:114,0
DA:119,0
DA:120,0
DA:121,0
DA:123,0
DA:124,0
DA:125,0
DA:128,0
DA:131,0
DA:133,0
DA:134,0
DA:136,0
DA:137,0
DA:139,0
DA:140,0
DA:141,0
DA:142,0
DA:143,0
DA:144,0
DA:155,0
DA:156,0
DA:167,0
DA:168,0
DA:169,0
DA:172,0
DA:174,0
DA:181,0
DA:187,0
DA:191,0
DA:192,0
DA:194,0
DA:195,0
DA:196,0
DA:200,0
DA:201,0
DA:202,0
DA:203,0
DA:204,0
DA:205,0
DA:207,0
DA:208,0
DA:209,0
DA:210,0
DA:216,0
DA:217,0
DA:218,0
DA:220,0
DA:221,0
DA:223,0
DA:225,0
DA:226,0
DA:227,0
DA:230,0
DA:231,0
DA:235,0
DA:237,0
DA:238,0
DA:241,0
DA:242,0
DA:243,0
DA:247,0
DA:248,0
DA:249,0
DA:252,0
DA:253,0
DA:258,0
DA:259,0
DA:260,0
DA:263,0
DA:264,0
DA:269,0
DA:270,0
DA:273,0
DA:275,0
DA:354,0
DA:384,0
DA:416,0
DA:532,0
DA:541,0
DA:545,0
DA:548,0
DA:564,0
LF:122
LH:0
BRDA:80,0,0,0
BRDA:80,0,1,0
BRDA:85,1,0,0
BRDA:85,1,1,0
BRDA:93,2,0,0
BRDA:93,2,1,0
BRDA:93,2,2,0
BRDA:93,2,3,0
BRDA:125,3,0,0
BRDA:125,3,1,0
BRDA:128,4,0,0
BRDA:128,4,1,0
BRDA:131,5,0,0
BRDA:131,5,1,0
BRDA:137,6,0,0
BRDA:137,6,1,0
BRDA:139,7,0,0
BRDA:139,7,1,0
BRDA:195,8,0,0
BRDA:195,8,1,0
BRDA:195,9,0,0
BRDA:195,9,1,0
BRDA:209,10,0,0
BRDA:209,10,1,0
BRDA:230,11,0,0
BRDA:230,11,1,0
BRDA:231,12,0,0
BRDA:231,12,1,0
BRDA:237,13,0,0
BRDA:237,13,1,0
BRDA:241,14,0,0
BRDA:241,14,1,0
BRDA:242,15,0,0
BRDA:242,15,1,0
BRDA:247,16,0,0
BRDA:247,16,1,0
BRDA:248,17,0,0
BRDA:248,17,1,0
BRDA:252,18,0,0
BRDA:252,18,1,0
BRDA:258,19,0,0
BRDA:258,19,1,0
BRDA:259,20,0,0
BRDA:259,20,1,0
BRDA:263,21,0,0
BRDA:263,21,1,0
BRDA:269,22,0,0
BRDA:269,22,1,0
BRDA:269,23,0,0
BRDA:269,23,1,0
BRDA:367,24,0,0
BRDA:367,24,1,0
BRDA:369,25,0,0
BRDA:369,25,1,0
BRDA:397,26,0,0
BRDA:397,26,1,0
BRDA:401,27,0,0
BRDA:401,27,1,0
BRDA:429,28,0,0
BRDA:429,28,1,0
BRDA:432,29,0,0
BRDA:432,29,1,0
BRDA:498,30,0,0
BRDA:498,30,1,0
BRF:64
BRH:0
end_of_record
TN:
SF:src\screens\Login.js
FN:11,(anonymous_0)
FN:16,(anonymous_1)
FN:25,(anonymous_2)
FN:48,(anonymous_3)
FNF:4
FNH:1
FNDA:9,(anonymous_0)
FNDA:0,(anonymous_1)
FNDA:0,(anonymous_2)
FNDA:0,(anonymous_3)
DA:11,1
DA:12,9
DA:13,0
DA:14,0
DA:15,0
DA:16,0
DA:21,0
DA:23,0
DA:25,0
DA:26,0
DA:28,0
DA:29,0
DA:31,0
DA:32,0
DA:34,0
DA:35,0
DA:37,0
DA:38,0
DA:40,0
DA:41,0
DA:44,0
DA:48,0
DA:49,0
DA:50,0
DA:51,0
DA:66,0
DA:67,0
DA:68,0
DA:69,0
DA:77,0
DA:80,0
DA:81,0
DA:83,0
DA:87,0
LF:34
LH:2
BRDA:26,0,0,0
BRDA:26,0,1,0
BRDA:28,1,0,0
BRDA:28,1,1,0
BRDA:31,2,0,0
BRDA:31,2,1,0
BRDA:34,3,0,0
BRDA:34,3,1,0
BRDA:37,4,0,0
BRDA:37,4,1,0
BRDA:40,5,0,0
BRDA:40,5,1,0
BRDA:66,6,0,0
BRDA:66,6,1,0
BRDA:136,7,0,0
BRDA:136,7,1,0
BRDA:163,8,0,0
BRDA:163,8,1,0
BRDA:171,9,0,0
BRDA:171,9,1,0
BRDA:178,10,0,0
BRDA:178,10,1,0
BRDA:244,11,0,0
BRDA:244,11,1,0
BRF:24
BRH:0
end_of_record
